2017-09-17 13:57:34.920+0000 WARN [o.n.i.p.PageCache] The dbms.memory.pagecache.size setting has not been configured. It is recommended that this setting is always explicitly configured, to ensure the system has a balanced configuration. Until then, a computed heuristic value of 3202699264 bytes will be used instead. 
2017-09-17 13:57:35.308+0000 INFO [o.n.k.i.f.CommunityEditionModule] No locking implementation specified, defaulting to 'community'
2017-09-17 13:57:35.465+0000 INFO [o.n.k.AvailabilityGuard] Requirement makes database unavailable: Database available
2017-09-17 13:57:35.490+0000 INFO [o.n.k.i.DiagnosticsManager] --- INITIALIZED diagnostics START ---
2017-09-17 13:57:35.490+0000 INFO [o.n.k.i.DiagnosticsManager] Neo4j Kernel properties:
2017-09-17 13:57:35.490+0000 INFO [o.n.k.i.DiagnosticsManager] unsupported.dbms.edition=community
2017-09-17 13:57:35.490+0000 INFO [o.n.k.i.DiagnosticsManager] unsupported.dbms.directories.neo4j_home=/home/ymerej/eclipse-workspace/napd20172018/target/societe-db
2017-09-17 13:57:35.490+0000 INFO [o.n.k.i.DiagnosticsManager] unsupported.dbms.ephemeral=false
2017-09-17 13:57:35.490+0000 INFO [o.n.k.i.DiagnosticsManager] Diagnostics providers:
2017-09-17 13:57:35.490+0000 INFO [o.n.k.i.DiagnosticsManager] org.neo4j.kernel.configuration.Config
2017-09-17 13:57:35.491+0000 INFO [o.n.k.i.DiagnosticsManager] org.neo4j.kernel.info.DiagnosticsManager
2017-09-17 13:57:35.491+0000 INFO [o.n.k.i.DiagnosticsManager] SYSTEM_MEMORY
2017-09-17 13:57:35.491+0000 INFO [o.n.k.i.DiagnosticsManager] JAVA_MEMORY
2017-09-17 13:57:35.491+0000 INFO [o.n.k.i.DiagnosticsManager] OPERATING_SYSTEM
2017-09-17 13:57:35.491+0000 INFO [o.n.k.i.DiagnosticsManager] JAVA_VIRTUAL_MACHINE
2017-09-17 13:57:35.491+0000 INFO [o.n.k.i.DiagnosticsManager] CLASSPATH
2017-09-17 13:57:35.491+0000 INFO [o.n.k.i.DiagnosticsManager] LIBRARY_PATH
2017-09-17 13:57:35.491+0000 INFO [o.n.k.i.DiagnosticsManager] SYSTEM_PROPERTIES
2017-09-17 13:57:35.491+0000 INFO [o.n.k.i.DiagnosticsManager] LINUX_SCHEDULERS
2017-09-17 13:57:35.491+0000 INFO [o.n.k.i.DiagnosticsManager] NETWORK
2017-09-17 13:57:35.491+0000 INFO [o.n.k.i.DiagnosticsManager] System memory information:
2017-09-17 13:57:35.493+0000 INFO [o.n.k.i.DiagnosticsManager] Total Physical memory: 7,67 GB
2017-09-17 13:57:35.494+0000 INFO [o.n.k.i.DiagnosticsManager] Free Physical memory: 2,69 GB
2017-09-17 13:57:35.494+0000 INFO [o.n.k.i.DiagnosticsManager] Committed virtual memory: 4,33 GB
2017-09-17 13:57:35.494+0000 INFO [o.n.k.i.DiagnosticsManager] Total swap space: 18,66 GB
2017-09-17 13:57:35.494+0000 INFO [o.n.k.i.DiagnosticsManager] Free swap space: 18,66 GB
2017-09-17 13:57:35.494+0000 INFO [o.n.k.i.DiagnosticsManager] JVM memory information:
2017-09-17 13:57:35.494+0000 INFO [o.n.k.i.DiagnosticsManager] Free  memory: 91,55 MB
2017-09-17 13:57:35.495+0000 INFO [o.n.k.i.DiagnosticsManager] Total memory: 150,00 MB
2017-09-17 13:57:35.495+0000 INFO [o.n.k.i.DiagnosticsManager] Max   memory: 1,71 GB
2017-09-17 13:57:35.496+0000 INFO [o.n.k.i.DiagnosticsManager] Garbage Collector: PS Scavenge: [PS Eden Space, PS Survivor Space]
2017-09-17 13:57:35.496+0000 INFO [o.n.k.i.DiagnosticsManager] Garbage Collector: PS MarkSweep: [PS Eden Space, PS Survivor Space, PS Old Gen]
2017-09-17 13:57:35.497+0000 INFO [o.n.k.i.DiagnosticsManager] Memory Pool: Code Cache (Non-heap memory): committed=4,63 MB, used=4,59 MB, max=240,00 MB, threshold=0,00 B
2017-09-17 13:57:35.497+0000 INFO [o.n.k.i.DiagnosticsManager] Memory Pool: Metaspace (Non-heap memory): committed=12,25 MB, used=11,62 MB, max=-1,00 B, threshold=0,00 B
2017-09-17 13:57:35.497+0000 INFO [o.n.k.i.DiagnosticsManager] Memory Pool: Compressed Class Space (Non-heap memory): committed=1,75 MB, used=1,52 MB, max=1,00 GB, threshold=0,00 B
2017-09-17 13:57:35.498+0000 INFO [o.n.k.i.DiagnosticsManager] Memory Pool: PS Eden Space (Heap memory): committed=62,00 MB, used=28,92 MB, max=644,50 MB, threshold=?
2017-09-17 13:57:35.498+0000 INFO [o.n.k.i.DiagnosticsManager] Memory Pool: PS Survivor Space (Heap memory): committed=5,00 MB, used=4,97 MB, max=5,00 MB, threshold=?
2017-09-17 13:57:35.499+0000 INFO [o.n.k.i.DiagnosticsManager] Memory Pool: PS Old Gen (Heap memory): committed=83,00 MB, used=24,56 MB, max=1,28 GB, threshold=0,00 B
2017-09-17 13:57:35.499+0000 INFO [o.n.k.i.DiagnosticsManager] Operating system information:
2017-09-17 13:57:35.499+0000 INFO [o.n.k.i.DiagnosticsManager] Operating System: Linux; version: 4.10.0-28-generic; arch: amd64; cpus: 4
2017-09-17 13:57:35.500+0000 INFO [o.n.k.i.DiagnosticsManager] Max number of file descriptors: 1048576
2017-09-17 13:57:35.500+0000 INFO [o.n.k.i.DiagnosticsManager] Number of open file descriptors: 107
2017-09-17 13:57:35.503+0000 INFO [o.n.k.i.DiagnosticsManager] Process id: 20219@jordi
2017-09-17 13:57:35.503+0000 INFO [o.n.k.i.DiagnosticsManager] Byte order: LITTLE_ENDIAN
2017-09-17 13:57:35.503+0000 INFO [o.n.k.i.DiagnosticsManager] Local timezone: Europe/Paris
2017-09-17 13:57:35.503+0000 INFO [o.n.k.i.DiagnosticsManager] JVM information:
2017-09-17 13:57:35.503+0000 INFO [o.n.k.i.DiagnosticsManager] VM Name: OpenJDK 64-Bit Server VM
2017-09-17 13:57:35.503+0000 INFO [o.n.k.i.DiagnosticsManager] VM Vendor: Oracle Corporation
2017-09-17 13:57:35.504+0000 INFO [o.n.k.i.DiagnosticsManager] VM Version: 25.131-b11
2017-09-17 13:57:35.504+0000 INFO [o.n.k.i.DiagnosticsManager] JIT compiler: HotSpot 64-Bit Tiered Compilers
2017-09-17 13:57:35.504+0000 INFO [o.n.k.i.DiagnosticsManager] VM Arguments: [-Dfile.encoding=UTF-8]
2017-09-17 13:57:35.504+0000 INFO [o.n.k.i.DiagnosticsManager] Java classpath:
2017-09-17 13:57:35.506+0000 INFO [o.n.k.i.DiagnosticsManager]  [bootstrap] /usr/lib/jvm/java-8-openjdk-amd64/jre/lib/jce.jar
2017-09-17 13:57:35.506+0000 INFO [o.n.k.i.DiagnosticsManager]  [classpath + loader.0] file:/home/ymerej/neo4j-community-3.2.3/lib/neo4j-jmx-3.2.3.jar
2017-09-17 13:57:35.506+0000 INFO [o.n.k.i.DiagnosticsManager]  [classpath + loader.0] file:/home/ymerej/neo4j-community-3.2.3/lib/scala-reflect-2.11.8.jar
2017-09-17 13:57:35.506+0000 INFO [o.n.k.i.DiagnosticsManager]  [classpath + loader.0] file:/home/ymerej/neo4j-community-3.2.3/lib/neo4j-cypher-frontend-3.2-3.2.3.jar
2017-09-17 13:57:35.506+0000 INFO [o.n.k.i.DiagnosticsManager]  [classpath + loader.0] file:/home/ymerej/neo4j-community-3.2.3/lib/neo4j-server-3.2.3.jar
2017-09-17 13:57:35.506+0000 INFO [o.n.k.i.DiagnosticsManager]  [classpath + loader.0] file:/home/ymerej/neo4j-community-3.2.3/lib/neo4j-consistency-check-3.2.3.jar
2017-09-17 13:57:35.506+0000 INFO [o.n.k.i.DiagnosticsManager]  [classpath + loader.0] file:/home/ymerej/neo4j-community-3.2.3/lib/neo4j-dbms-3.2.3.jar
2017-09-17 13:57:35.506+0000 INFO [o.n.k.i.DiagnosticsManager]  [loader.1] file:/usr/lib/jvm/java-8-openjdk-amd64/jre/lib/ext/nashorn.jar
2017-09-17 13:57:35.506+0000 INFO [o.n.k.i.DiagnosticsManager]  [classpath + loader.0] file:/home/ymerej/neo4j-community-3.2.3/lib/lucene-core-5.5.0.jar
2017-09-17 13:57:35.506+0000 INFO [o.n.k.i.DiagnosticsManager]  [classpath + loader.0] file:/home/ymerej/neo4j-community-3.2.3/lib/jackson-mapper-asl-1.9.13.jar
2017-09-17 13:57:35.506+0000 INFO [o.n.k.i.DiagnosticsManager]  [classpath + loader.0] file:/home/ymerej/eclipse-workspace/napd20172018/bin/
2017-09-17 13:57:35.506+0000 INFO [o.n.k.i.DiagnosticsManager]  [classpath + loader.0] file:/home/ymerej/neo4j-community-3.2.3/lib/jersey-servlet-1.19.jar
2017-09-17 13:57:35.506+0000 INFO [o.n.k.i.DiagnosticsManager]  [classpath + loader.0] file:/home/ymerej/neo4j-community-3.2.3/lib/jetty-webapp-9.2.9.v20150224.jar
2017-09-17 13:57:35.506+0000 INFO [o.n.k.i.DiagnosticsManager]  [classpath + loader.0] file:/home/ymerej/neo4j-community-3.2.3/lib/asm-5.2.jar
2017-09-17 13:57:35.506+0000 INFO [o.n.k.i.DiagnosticsManager]  [classpath + loader.0] file:/home/ymerej/neo4j-community-3.2.3/lib/jetty-xml-9.2.9.v20150224.jar
2017-09-17 13:57:35.506+0000 INFO [o.n.k.i.DiagnosticsManager]  [bootstrap] /usr/lib/jvm/java-8-openjdk-amd64/jre/lib/jsse.jar
2017-09-17 13:57:35.506+0000 INFO [o.n.k.i.DiagnosticsManager]  [classpath + loader.0] file:/home/ymerej/neo4j-community-3.2.3/lib/lucene-analyzers-common-5.5.0.jar
2017-09-17 13:57:35.506+0000 INFO [o.n.k.i.DiagnosticsManager]  [classpath + loader.0] file:/home/ymerej/neo4j-community-3.2.3/lib/rhino-1.7R4.jar
2017-09-17 13:57:35.506+0000 INFO [o.n.k.i.DiagnosticsManager]  [loader.1] file:/usr/lib/jvm/java-8-openjdk-amd64/jre/lib/ext/localedata.jar
2017-09-17 13:57:35.506+0000 INFO [o.n.k.i.DiagnosticsManager]  [classpath + loader.0] file:/home/ymerej/neo4j-community-3.2.3/lib/neo4j-cypher-compiler-3.2-3.2.3.jar
2017-09-17 13:57:35.506+0000 INFO [o.n.k.i.DiagnosticsManager]  [classpath + loader.0] file:/home/ymerej/neo4j-community-3.2.3/lib/jetty-util-9.2.9.v20150224.jar
2017-09-17 13:57:35.506+0000 INFO [o.n.k.i.DiagnosticsManager]  [loader.1] file:/usr/lib/jvm/java-8-openjdk-amd64/jre/lib/ext/cldrdata.jar
2017-09-17 13:57:35.507+0000 INFO [o.n.k.i.DiagnosticsManager]  [bootstrap] /usr/lib/jvm/java-8-openjdk-amd64/jre/classes
2017-09-17 13:57:35.507+0000 INFO [o.n.k.i.DiagnosticsManager]  [classpath + loader.0] file:/home/ymerej/neo4j-community-3.2.3/lib/commons-logging-1.1.1.jar
2017-09-17 13:57:35.507+0000 INFO [o.n.k.i.DiagnosticsManager]  [classpath + loader.0] file:/home/ymerej/neo4j-community-3.2.3/lib/commons-io-2.4.jar
2017-09-17 13:57:35.507+0000 INFO [o.n.k.i.DiagnosticsManager]  [classpath + loader.0] file:/home/ymerej/neo4j-community-3.2.3/lib/neo4j-udc-3.2.3.jar
2017-09-17 13:57:35.507+0000 INFO [o.n.k.i.DiagnosticsManager]  [classpath + loader.0] file:/home/ymerej/neo4j-community-3.2.3/lib/opencsv-2.3.jar
2017-09-17 13:57:35.507+0000 INFO [o.n.k.i.DiagnosticsManager]  [classpath + loader.0] file:/home/ymerej/neo4j-community-3.2.3/lib/commons-lang-2.6.jar
2017-09-17 13:57:35.507+0000 INFO [o.n.k.i.DiagnosticsManager]  [classpath + loader.0] file:/home/ymerej/neo4j-community-3.2.3/lib/neo4j-common-3.2.3.jar
2017-09-17 13:57:35.507+0000 INFO [o.n.k.i.DiagnosticsManager]  [classpath + loader.0] file:/home/ymerej/neo4j-community-3.2.3/lib/jline-2.12.jar
2017-09-17 13:57:35.507+0000 INFO [o.n.k.i.DiagnosticsManager]  [classpath + loader.0] file:/home/ymerej/neo4j-community-3.2.3/lib/caffeine-2.3.3.jar
2017-09-17 13:57:35.507+0000 INFO [o.n.k.i.DiagnosticsManager]  [classpath + loader.0] file:/home/ymerej/neo4j-community-3.2.3/lib/jersey-server-1.19.jar
2017-09-17 13:57:35.507+0000 INFO [o.n.k.i.DiagnosticsManager]  [classpath + loader.0] file:/home/ymerej/neo4j-community-3.2.3/lib/neo4j-command-line-3.2.3.jar
2017-09-17 13:57:35.507+0000 INFO [o.n.k.i.DiagnosticsManager]  [classpath + loader.0] file:/home/ymerej/neo4j-community-3.2.3/lib/neo4j-cypher-ir-3.2-3.2.3.jar
2017-09-17 13:57:35.507+0000 INFO [o.n.k.i.DiagnosticsManager]  [classpath + loader.0] file:/home/ymerej/neo4j-community-3.2.3/lib/neo4j-lucene-upgrade-3.2.3.jar
2017-09-17 13:57:35.507+0000 INFO [o.n.k.i.DiagnosticsManager]  [classpath + loader.0] file:/home/ymerej/neo4j-community-3.2.3/lib/parboiled-scala_2.11-1.1.7.jar
2017-09-17 13:57:35.507+0000 INFO [o.n.k.i.DiagnosticsManager]  [classpath + loader.0] file:/home/ymerej/neo4j-community-3.2.3/lib/commons-lang3-3.3.2.jar
2017-09-17 13:57:35.507+0000 INFO [o.n.k.i.DiagnosticsManager]  [classpath + loader.0] file:/home/ymerej/neo4j-community-3.2.3/lib/jetty-io-9.2.9.v20150224.jar
2017-09-17 13:57:35.507+0000 INFO [o.n.k.i.DiagnosticsManager]  [classpath + loader.0] file:/home/ymerej/neo4j-community-3.2.3/lib/neo4j-import-tool-3.2.3.jar
2017-09-17 13:57:35.507+0000 INFO [o.n.k.i.DiagnosticsManager]  [classpath + loader.0] file:/home/ymerej/neo4j-community-3.2.3/lib/jersey-multipart-1.19.jar
2017-09-17 13:57:35.507+0000 INFO [o.n.k.i.DiagnosticsManager]  [classpath + loader.0] file:/home/ymerej/neo4j-community-3.2.3/lib/commons-compress-1.12.jar
2017-09-17 13:57:35.507+0000 INFO [o.n.k.i.DiagnosticsManager]  [classpath + loader.0] file:/home/ymerej/neo4j-community-3.2.3/lib/neo4j-cypher-frontend-2.3-2.3.11.jar
2017-09-17 13:57:35.507+0000 INFO [o.n.k.i.DiagnosticsManager]  [classpath + loader.0] file:/home/ymerej/neo4j-community-3.2.3/lib/neo4j-kernel-3.2.3.jar
2017-09-17 13:57:35.507+0000 INFO [o.n.k.i.DiagnosticsManager]  [classpath + loader.0] file:/home/ymerej/neo4j-community-3.2.3/lib/neo4j-cypher-compiler-3.1-3.1.5.jar
2017-09-17 13:57:35.508+0000 INFO [o.n.k.i.DiagnosticsManager]  [classpath + loader.0] file:/home/ymerej/neo4j-community-3.2.3/lib/neo4j-io-3.2.3.jar
2017-09-17 13:57:35.508+0000 INFO [o.n.k.i.DiagnosticsManager]  [classpath + loader.0] file:/home/ymerej/neo4j-community-3.2.3/lib/neo4j-primitive-collections-3.2.3.jar
2017-09-17 13:57:35.508+0000 INFO [o.n.k.i.DiagnosticsManager]  [classpath + loader.0] file:/home/ymerej/neo4j-community-3.2.3/lib/parboiled-core-1.1.7.jar
2017-09-17 13:57:35.508+0000 INFO [o.n.k.i.DiagnosticsManager]  [classpath + loader.0] file:/home/ymerej/neo4j-community-3.2.3/lib/neo4j-resource-3.2.3.jar
2017-09-17 13:57:35.508+0000 INFO [o.n.k.i.DiagnosticsManager]  [classpath + loader.0] file:/home/ymerej/neo4j-community-3.2.3/lib/jackson-core-asl-1.9.13.jar
2017-09-17 13:57:35.508+0000 INFO [o.n.k.i.DiagnosticsManager]  [loader.1] file:/usr/lib/jvm/java-8-openjdk-amd64/jre/lib/ext/icedtea-sound.jar
2017-09-17 13:57:35.508+0000 INFO [o.n.k.i.DiagnosticsManager]  [classpath + loader.0] file:/home/ymerej/neo4j-community-3.2.3/lib/scala-library-2.11.8.jar
2017-09-17 13:57:35.508+0000 INFO [o.n.k.i.DiagnosticsManager]  [classpath + loader.0] file:/home/ymerej/neo4j-community-3.2.3/lib/commons-digester-2.1.jar
2017-09-17 13:57:35.508+0000 INFO [o.n.k.i.DiagnosticsManager]  [classpath + loader.0] file:/home/ymerej/neo4j-community-3.2.3/lib/lucene-codecs-5.5.0.jar
2017-09-17 13:57:35.508+0000 INFO [o.n.k.i.DiagnosticsManager]  [loader.1] file:/usr/lib/jvm/java-8-openjdk-amd64/jre/lib/ext/sunjce_provider.jar
2017-09-17 13:57:35.508+0000 INFO [o.n.k.i.DiagnosticsManager]  [classpath + loader.0] file:/home/ymerej/neo4j-community-3.2.3/lib/neo4j-index-3.2.3.jar
2017-09-17 13:57:35.508+0000 INFO [o.n.k.i.DiagnosticsManager]  [bootstrap] /usr/lib/jvm/java-8-openjdk-amd64/jre/lib/sunrsasign.jar
2017-09-17 13:57:35.508+0000 INFO [o.n.k.i.DiagnosticsManager]  [classpath + loader.0] file:/home/ymerej/neo4j-community-3.2.3/lib/neo4j-graph-matching-3.1.3.jar
2017-09-17 13:57:35.508+0000 INFO [o.n.k.i.DiagnosticsManager]  [classpath + loader.0] file:/home/ymerej/neo4j-community-3.2.3/lib/neo4j-graph-algo-3.2.3.jar
2017-09-17 13:57:35.508+0000 INFO [o.n.k.i.DiagnosticsManager]  [classpath + loader.0] file:/home/ymerej/neo4j-community-3.2.3/lib/neo4j-bolt-3.2.3.jar
2017-09-17 13:57:35.508+0000 INFO [o.n.k.i.DiagnosticsManager]  [classpath + loader.0] file:/home/ymerej/neo4j-community-3.2.3/lib/server-api-3.2.3.jar
2017-09-17 13:57:35.508+0000 INFO [o.n.k.i.DiagnosticsManager]  [classpath + loader.0] file:/home/ymerej/neo4j-community-3.2.3/lib/neo4j-unsafe-3.2.3.jar
2017-09-17 13:57:35.508+0000 INFO [o.n.k.i.DiagnosticsManager]  [classpath + loader.0] file:/home/ymerej/neo4j-community-3.2.3/lib/neo4j-configuration-3.2.3.jar
2017-09-17 13:57:35.508+0000 INFO [o.n.k.i.DiagnosticsManager]  [classpath + loader.0] file:/home/ymerej/neo4j-community-3.2.3/lib/neo4j-logging-3.2.3.jar
2017-09-17 13:57:35.508+0000 INFO [o.n.k.i.DiagnosticsManager]  [classpath + loader.0] file:/home/ymerej/neo4j-community-3.2.3/lib/neo4j-csv-3.2.3.jar
2017-09-17 13:57:35.508+0000 INFO [o.n.k.i.DiagnosticsManager]  [classpath + loader.0] file:/home/ymerej/neo4j-community-3.2.3/lib/lucene-queryparser-5.5.0.jar
2017-09-17 13:57:35.508+0000 INFO [o.n.k.i.DiagnosticsManager]  [classpath + loader.0] file:/home/ymerej/neo4j-community-3.2.3/lib/mimepull-1.9.3.jar
2017-09-17 13:57:35.508+0000 INFO [o.n.k.i.DiagnosticsManager]  [loader.1] file:/usr/lib/jvm/java-8-openjdk-amd64/jre/lib/ext/jaccess.jar
2017-09-17 13:57:35.508+0000 INFO [o.n.k.i.DiagnosticsManager]  [classpath + loader.0] file:/home/ymerej/neo4j-community-3.2.3/lib/commons-beanutils-1.8.3.jar
2017-09-17 13:57:35.509+0000 INFO [o.n.k.i.DiagnosticsManager]  [classpath + loader.0] file:/home/ymerej/neo4j-community-3.2.3/lib/jsr311-api-1.1.2.r612.jar
2017-09-17 13:57:35.509+0000 INFO [o.n.k.i.DiagnosticsManager]  [loader.1] file:/usr/lib/jvm/java-8-openjdk-amd64/jre/lib/ext/sunpkcs11.jar
2017-09-17 13:57:35.509+0000 INFO [o.n.k.i.DiagnosticsManager]  [classpath + loader.0] file:/home/ymerej/neo4j-community-3.2.3/lib/jetty-http-9.2.9.v20150224.jar
2017-09-17 13:57:35.509+0000 INFO [o.n.k.i.DiagnosticsManager]  [classpath + loader.0] file:/home/ymerej/neo4j-community-3.2.3/lib/neo4j-shell-3.2.3.jar
2017-09-17 13:57:35.509+0000 INFO [o.n.k.i.DiagnosticsManager]  [loader.1] file:/usr/lib/jvm/java-8-openjdk-amd64/jre/lib/ext/sunec.jar
2017-09-17 13:57:35.509+0000 INFO [o.n.k.i.DiagnosticsManager]  [bootstrap] /usr/lib/jvm/java-8-openjdk-amd64/jre/lib/jfr.jar
2017-09-17 13:57:35.509+0000 INFO [o.n.k.i.DiagnosticsManager]  [classpath + loader.0] file:/home/ymerej/neo4j-community-3.2.3/lib/bcprov-jdk15on-1.53.jar
2017-09-17 13:57:35.509+0000 INFO [o.n.k.i.DiagnosticsManager]  [classpath + loader.0] file:/home/ymerej/neo4j-community-3.2.3/lib/neo4j-cypher-3.2.3.jar
2017-09-17 13:57:35.509+0000 INFO [o.n.k.i.DiagnosticsManager]  [classpath + loader.0] file:/home/ymerej/neo4j-community-3.2.3/lib/neo4j-lucene-index-3.2.3.jar
2017-09-17 13:57:35.509+0000 INFO [o.n.k.i.DiagnosticsManager]  [loader.1] file:/usr/lib/jvm/java-8-openjdk-amd64/jre/lib/ext/zipfs.jar
2017-09-17 13:57:35.509+0000 INFO [o.n.k.i.DiagnosticsManager]  [bootstrap] /usr/lib/jvm/java-8-openjdk-amd64/jre/lib/resources.jar
2017-09-17 13:57:35.509+0000 INFO [o.n.k.i.DiagnosticsManager]  [classpath + loader.0] file:/home/ymerej/neo4j-community-3.2.3/lib/jetty-servlet-9.2.9.v20150224.jar
2017-09-17 13:57:35.509+0000 INFO [o.n.k.i.DiagnosticsManager]  [classpath + loader.0] file:/home/ymerej/neo4j-community-3.2.3/lib/neo4j-cypher-compiler-2.3-2.3.11.jar
2017-09-17 13:57:35.509+0000 INFO [o.n.k.i.DiagnosticsManager]  [classpath + loader.0] file:/home/ymerej/neo4j-community-3.2.3/lib/neo4j-codegen-3.2.3.jar
2017-09-17 13:57:35.509+0000 INFO [o.n.k.i.DiagnosticsManager]  [classpath + loader.0] file:/home/ymerej/neo4j-community-3.2.3/lib/neo4j-cypher-frontend-3.1-3.1.5.jar
2017-09-17 13:57:35.509+0000 INFO [o.n.k.i.DiagnosticsManager]  [classpath + loader.0] file:/home/ymerej/neo4j-community-3.2.3/lib/neo4j-browser-3.0.5.jar
2017-09-17 13:57:35.509+0000 INFO [o.n.k.i.DiagnosticsManager]  [classpath + loader.0] file:/home/ymerej/neo4j-community-3.2.3/lib/jetty-security-9.2.9.v20150224.jar
2017-09-17 13:57:35.509+0000 INFO [o.n.k.i.DiagnosticsManager]  [classpath + loader.0] file:/home/ymerej/neo4j-community-3.2.3/lib/neo4j-graphdb-api-3.2.3.jar
2017-09-17 13:57:35.509+0000 INFO [o.n.k.i.DiagnosticsManager]  [classpath + loader.0] file:/home/ymerej/neo4j-community-3.2.3/lib/commons-configuration-1.10.jar
2017-09-17 13:57:35.509+0000 INFO [o.n.k.i.DiagnosticsManager]  [classpath + loader.0] file:/home/ymerej/neo4j-community-3.2.3/lib/bcpkix-jdk15on-1.53.jar
2017-09-17 13:57:35.509+0000 INFO [o.n.k.i.DiagnosticsManager]  [classpath + loader.0] file:/home/ymerej/neo4j-community-3.2.3/lib/jetty-server-9.2.9.v20150224.jar
2017-09-17 13:57:35.510+0000 INFO [o.n.k.i.DiagnosticsManager]  [classpath + loader.0] file:/home/ymerej/neo4j-community-3.2.3/lib/concurrentlinkedhashmap-lru-1.4.2.jar
2017-09-17 13:57:35.510+0000 INFO [o.n.k.i.DiagnosticsManager]  [classpath + loader.0] file:/home/ymerej/neo4j-community-3.2.3/lib/javax.servlet-api-3.1.0.jar
2017-09-17 13:57:35.510+0000 INFO [o.n.k.i.DiagnosticsManager]  [classpath + loader.0] file:/home/ymerej/neo4j-community-3.2.3/lib/neo4j-collections-3.2.3.jar
2017-09-17 13:57:35.510+0000 INFO [o.n.k.i.DiagnosticsManager]  [classpath + loader.0] file:/home/ymerej/neo4j-community-3.2.3/lib/neo4j-ssl-3.2.3.jar
2017-09-17 13:57:35.510+0000 INFO [o.n.k.i.DiagnosticsManager]  [classpath + loader.0] file:/home/ymerej/neo4j-community-3.2.3/lib/neo4j-security-3.2.3.jar
2017-09-17 13:57:35.510+0000 INFO [o.n.k.i.DiagnosticsManager]  [loader.1] file:/usr/lib/jvm/java-8-openjdk-amd64/jre/lib/ext/dnsns.jar
2017-09-17 13:57:35.510+0000 INFO [o.n.k.i.DiagnosticsManager]  [classpath + loader.0] file:/home/ymerej/neo4j-community-3.2.3/lib/jackson-jaxrs-1.9.13.jar
2017-09-17 13:57:35.510+0000 INFO [o.n.k.i.DiagnosticsManager]  [classpath + loader.0] file:/home/ymerej/neo4j-community-3.2.3/lib/netty-all-4.1.8.Final.jar
2017-09-17 13:57:35.510+0000 INFO [o.n.k.i.DiagnosticsManager]  [bootstrap] /usr/lib/jvm/java-8-openjdk-amd64/jre/lib/charsets.jar
2017-09-17 13:57:35.510+0000 INFO [o.n.k.i.DiagnosticsManager]  [classpath + loader.0] file:/home/ymerej/neo4j-community-3.2.3/lib/jersey-core-1.19.jar
2017-09-17 13:57:35.510+0000 INFO [o.n.k.i.DiagnosticsManager]  [bootstrap] /usr/lib/jvm/java-8-openjdk-amd64/jre/lib/rt.jar
2017-09-17 13:57:35.510+0000 INFO [o.n.k.i.DiagnosticsManager] Library path:
2017-09-17 13:57:35.510+0000 INFO [o.n.k.i.DiagnosticsManager] /usr/java/packages/lib/amd64
2017-09-17 13:57:35.511+0000 INFO [o.n.k.i.DiagnosticsManager] /usr/lib/x86_64-linux-gnu/jni
2017-09-17 13:57:35.511+0000 INFO [o.n.k.i.DiagnosticsManager] /lib/x86_64-linux-gnu
2017-09-17 13:57:35.511+0000 INFO [o.n.k.i.DiagnosticsManager] /usr/lib/x86_64-linux-gnu
2017-09-17 13:57:35.511+0000 INFO [o.n.k.i.DiagnosticsManager] /usr/lib/jni
2017-09-17 13:57:35.511+0000 INFO [o.n.k.i.DiagnosticsManager] /lib
2017-09-17 13:57:35.511+0000 INFO [o.n.k.i.DiagnosticsManager] /usr/lib
2017-09-17 13:57:35.511+0000 INFO [o.n.k.i.DiagnosticsManager] System.properties:
2017-09-17 13:57:35.512+0000 INFO [o.n.k.i.DiagnosticsManager] sun.boot.library.path = /usr/lib/jvm/java-8-openjdk-amd64/jre/lib/amd64
2017-09-17 13:57:35.512+0000 INFO [o.n.k.i.DiagnosticsManager] path.separator = :
2017-09-17 13:57:35.512+0000 INFO [o.n.k.i.DiagnosticsManager] file.encoding.pkg = sun.io
2017-09-17 13:57:35.512+0000 INFO [o.n.k.i.DiagnosticsManager] user.country = FR
2017-09-17 13:57:35.512+0000 INFO [o.n.k.i.DiagnosticsManager] sun.java.launcher = SUN_STANDARD
2017-09-17 13:57:35.512+0000 INFO [o.n.k.i.DiagnosticsManager] sun.os.patch.level = unknown
2017-09-17 13:57:35.512+0000 INFO [o.n.k.i.DiagnosticsManager] user.dir = /home/ymerej/eclipse-workspace/napd20172018
2017-09-17 13:57:35.512+0000 INFO [o.n.k.i.DiagnosticsManager] sun.jnu.encoding = UTF-8
2017-09-17 13:57:35.512+0000 INFO [o.n.k.i.DiagnosticsManager] sun.management.compiler = HotSpot 64-Bit Tiered Compilers
2017-09-17 13:57:35.512+0000 INFO [o.n.k.i.DiagnosticsManager] user.home = /home/ymerej
2017-09-17 13:57:35.512+0000 INFO [o.n.k.i.DiagnosticsManager] user.timezone = Europe/Paris
2017-09-17 13:57:35.512+0000 INFO [o.n.k.i.DiagnosticsManager] file.encoding = UTF-8
2017-09-17 13:57:35.512+0000 INFO [o.n.k.i.DiagnosticsManager] user.name = ymerej
2017-09-17 13:57:35.512+0000 INFO [o.n.k.i.DiagnosticsManager] sun.java.command = tp1.EmpDepDB_1
2017-09-17 13:57:35.513+0000 INFO [o.n.k.i.DiagnosticsManager] sun.arch.data.model = 64
2017-09-17 13:57:35.513+0000 INFO [o.n.k.i.DiagnosticsManager] user.language = fr
2017-09-17 13:57:35.513+0000 INFO [o.n.k.i.DiagnosticsManager] awt.toolkit = sun.awt.X11.XToolkit
2017-09-17 13:57:35.513+0000 INFO [o.n.k.i.DiagnosticsManager] file.separator = /
2017-09-17 13:57:35.513+0000 INFO [o.n.k.i.DiagnosticsManager] sun.io.unicode.encoding = UnicodeLittle
2017-09-17 13:57:35.513+0000 INFO [o.n.k.i.DiagnosticsManager] sun.cpu.endian = little
2017-09-17 13:57:35.513+0000 INFO [o.n.k.i.DiagnosticsManager] sun.desktop = gnome
2017-09-17 13:57:35.513+0000 INFO [o.n.k.i.DiagnosticsManager] sun.cpu.isalist = 
2017-09-17 13:57:35.513+0000 INFO [o.n.k.i.DiagnosticsManager] Linux scheduler information:
2017-09-17 13:57:35.520+0000 INFO [o.n.k.i.DiagnosticsManager] none
2017-09-17 13:57:35.520+0000 INFO [o.n.k.i.DiagnosticsManager] none
2017-09-17 13:57:35.521+0000 INFO [o.n.k.i.DiagnosticsManager] none
2017-09-17 13:57:35.521+0000 INFO [o.n.k.i.DiagnosticsManager] none
2017-09-17 13:57:35.521+0000 INFO [o.n.k.i.DiagnosticsManager] none
2017-09-17 13:57:35.521+0000 INFO [o.n.k.i.DiagnosticsManager] noop deadline [cfq] 
2017-09-17 13:57:35.522+0000 INFO [o.n.k.i.DiagnosticsManager] none
2017-09-17 13:57:35.522+0000 INFO [o.n.k.i.DiagnosticsManager] none
2017-09-17 13:57:35.522+0000 INFO [o.n.k.i.DiagnosticsManager] none
2017-09-17 13:57:35.522+0000 INFO [o.n.k.i.DiagnosticsManager] Network information:
2017-09-17 13:57:35.524+0000 INFO [o.n.k.i.DiagnosticsManager] Interface wlo1:
2017-09-17 13:57:35.524+0000 INFO [o.n.k.i.DiagnosticsManager]     address: fe80:0:0:0:ca1c:205e:c79d:7778%wlo1
2017-09-17 13:57:35.524+0000 INFO [o.n.k.i.DiagnosticsManager]     address: 192.168.1.69
2017-09-17 13:57:35.524+0000 INFO [o.n.k.i.DiagnosticsManager] Interface lo:
2017-09-17 13:57:35.524+0000 INFO [o.n.k.i.DiagnosticsManager]     address: 0:0:0:0:0:0:0:1%lo
2017-09-17 13:57:35.524+0000 INFO [o.n.k.i.DiagnosticsManager]     address: 127.0.0.1
2017-09-17 13:57:35.524+0000 INFO [o.n.k.i.DiagnosticsManager] --- INITIALIZED diagnostics END ---
2017-09-17 13:57:35.676+0000 INFO [o.n.k.i.s.f.RecordFormatSelector] Selected format 'RecordFormat:StandardV3_2[v0.A.8]' for the new store
2017-09-17 13:57:36.099+0000 INFO [o.n.k.i.a.i.IndexingService] IndexingService.init: indexes not specifically mentioned above are null
2017-09-17 13:57:36.099+0000 INFO [o.n.k.i.i.l.NativeLabelScanStore] No scan store found, this might just be first use. Preparing to rebuild.
2017-09-17 13:57:36.123+0000 INFO [o.n.k.NeoStoreDataSource] Opened logical log [/home/ymerej/eclipse-workspace/napd20172018/target/societe-db/neostore.transaction.db.0] version=0, lastTxId=1 (clean)
2017-09-17 13:57:36.126+0000 INFO [o.n.k.NeoStoreDataSource] No commits found after last check point (which is at <no log position given>)
2017-09-17 13:57:36.130+0000 WARN [o.n.k.i.s.MetaDataStore] Missing counts store, rebuilding it.
2017-09-17 13:57:36.221+0000 WARN [o.n.k.i.s.MetaDataStore] Counts store rebuild completed.
2017-09-17 13:57:36.235+0000 INFO [o.n.k.i.a.i.IndexingService] IndexingService.start: indexes not specifically mentioned above are null
2017-09-17 13:57:36.236+0000 INFO [o.n.k.i.i.l.NativeLabelScanStore] Rebuilding scan store, this may take a while
2017-09-17 13:57:36.244+0000 INFO [o.n.k.i.i.l.NativeLabelScanStore] Scan store rebuilt (roughly 0 nodes)
2017-09-17 13:57:36.248+0000 INFO [o.n.k.i.DatabaseHealth] Database health set to OK
2017-09-17 13:57:36.679+0000 INFO [o.n.k.AvailabilityGuard] Fulfilling of requirement makes database available: Database available
2017-09-17 13:57:36.679+0000 INFO [o.n.k.i.f.GraphDatabaseFacadeFactory] Database is now ready
2017-09-17 13:57:36.680+0000 INFO [o.n.k.i.DiagnosticsManager] --- STARTED diagnostics for KernelDiagnostics:Versions START ---
2017-09-17 13:57:36.680+0000 INFO [o.n.k.i.DiagnosticsManager] Graph Database: community single StoreId{creationTime=1505656655961, randomId=-5611050212247900260, storeVersion=15813456178476550, upgradeTime=1505656655961, upgradeId=1}
2017-09-17 13:57:36.681+0000 INFO [o.n.k.i.DiagnosticsManager] Kernel version: 3.2.3,36205d3138eff7e252a34c1a0224f84ad8747758
2017-09-17 13:57:36.681+0000 INFO [o.n.k.i.DiagnosticsManager] --- STARTED diagnostics for KernelDiagnostics:Versions END ---
2017-09-17 13:57:36.682+0000 INFO [o.n.k.i.DiagnosticsManager] --- STARTED diagnostics for NEO_STORE_VERSIONS START ---
2017-09-17 13:57:36.682+0000 INFO [o.n.k.i.DiagnosticsManager] Store versions:
2017-09-17 13:57:36.682+0000 INFO [o.n.k.i.DiagnosticsManager] Store versions:
2017-09-17 13:57:36.682+0000 INFO [o.n.k.i.DiagnosticsManager]   ArrayPropertyStore v0.A.8
2017-09-17 13:57:36.682+0000 INFO [o.n.k.i.DiagnosticsManager]   NodeStore v0.A.8
2017-09-17 13:57:36.682+0000 INFO [o.n.k.i.DiagnosticsManager]   StringPropertyStore v0.A.8
2017-09-17 13:57:36.683+0000 INFO [o.n.k.i.DiagnosticsManager]   PropertyIndexStore v0.A.8
2017-09-17 13:57:36.683+0000 INFO [o.n.k.i.DiagnosticsManager]   StringPropertyStore v0.A.8
2017-09-17 13:57:36.683+0000 INFO [o.n.k.i.DiagnosticsManager]   ArrayPropertyStore v0.A.8
2017-09-17 13:57:36.683+0000 INFO [o.n.k.i.DiagnosticsManager]   PropertyStore v0.A.8
2017-09-17 13:57:36.683+0000 INFO [o.n.k.i.DiagnosticsManager]   RelationshipStore v0.A.8
2017-09-17 13:57:36.683+0000 INFO [o.n.k.i.DiagnosticsManager]   StringPropertyStore v0.A.8
2017-09-17 13:57:36.683+0000 INFO [o.n.k.i.DiagnosticsManager]   RelationshipTypeStore v0.A.8
2017-09-17 13:57:36.683+0000 INFO [o.n.k.i.DiagnosticsManager]   StringPropertyStore v0.A.8
2017-09-17 13:57:36.683+0000 INFO [o.n.k.i.DiagnosticsManager]   LabelTokenStore v0.A.8
2017-09-17 13:57:36.683+0000 INFO [o.n.k.i.DiagnosticsManager]   SchemaStore v0.A.8
2017-09-17 13:57:36.683+0000 INFO [o.n.k.i.DiagnosticsManager]   RelationshipGroupStore v0.A.8
2017-09-17 13:57:36.683+0000 INFO [o.n.k.i.DiagnosticsManager]   NeoStore v0.A.8
2017-09-17 13:57:36.683+0000 INFO [o.n.k.i.DiagnosticsManager] --- STARTED diagnostics for NEO_STORE_VERSIONS END ---
2017-09-17 13:57:36.683+0000 INFO [o.n.k.i.DiagnosticsManager] --- STARTED diagnostics for NEO_STORE_ID_USAGE START ---
2017-09-17 13:57:36.683+0000 INFO [o.n.k.i.DiagnosticsManager] Id usage:
2017-09-17 13:57:36.683+0000 INFO [o.n.k.i.DiagnosticsManager] Id usage:
2017-09-17 13:57:36.684+0000 INFO [o.n.k.i.DiagnosticsManager]   ArrayPropertyStore: used=1 high=0
2017-09-17 13:57:36.684+0000 INFO [o.n.k.i.DiagnosticsManager]   NodeStore: used=0 high=-1
2017-09-17 13:57:36.684+0000 INFO [o.n.k.i.DiagnosticsManager]   StringPropertyStore: used=1 high=0
2017-09-17 13:57:36.684+0000 INFO [o.n.k.i.DiagnosticsManager]   PropertyIndexStore: used=0 high=-1
2017-09-17 13:57:36.684+0000 INFO [o.n.k.i.DiagnosticsManager]   StringPropertyStore: used=1 high=0
2017-09-17 13:57:36.684+0000 INFO [o.n.k.i.DiagnosticsManager]   ArrayPropertyStore: used=1 high=0
2017-09-17 13:57:36.684+0000 INFO [o.n.k.i.DiagnosticsManager]   PropertyStore: used=0 high=-1
2017-09-17 13:57:36.684+0000 INFO [o.n.k.i.DiagnosticsManager]   RelationshipStore: used=0 high=-1
2017-09-17 13:57:36.684+0000 INFO [o.n.k.i.DiagnosticsManager]   StringPropertyStore: used=1 high=0
2017-09-17 13:57:36.684+0000 INFO [o.n.k.i.DiagnosticsManager]   RelationshipTypeStore: used=0 high=-1
2017-09-17 13:57:36.684+0000 INFO [o.n.k.i.DiagnosticsManager]   StringPropertyStore: used=1 high=0
2017-09-17 13:57:36.684+0000 INFO [o.n.k.i.DiagnosticsManager]   LabelTokenStore: used=0 high=-1
2017-09-17 13:57:36.685+0000 INFO [o.n.k.i.DiagnosticsManager]   SchemaStore: used=1 high=0
2017-09-17 13:57:36.685+0000 INFO [o.n.k.i.DiagnosticsManager]   RelationshipGroupStore: used=1 high=0
2017-09-17 13:57:36.685+0000 INFO [o.n.k.i.DiagnosticsManager]   NeoStore: used=15 high=14
2017-09-17 13:57:36.685+0000 INFO [o.n.k.i.DiagnosticsManager] --- STARTED diagnostics for NEO_STORE_ID_USAGE END ---
2017-09-17 13:57:36.685+0000 INFO [o.n.k.i.DiagnosticsManager] --- STARTED diagnostics for NEO_STORE_RECORDS START ---
2017-09-17 13:57:36.685+0000 INFO [o.n.k.i.DiagnosticsManager] Neostore records:
2017-09-17 13:57:36.685+0000 INFO [o.n.k.i.DiagnosticsManager] TIME (Creation time): 1505656655961
2017-09-17 13:57:36.685+0000 INFO [o.n.k.i.DiagnosticsManager] RANDOM_NUMBER (Random number for store id): -5611050212247900260
2017-09-17 13:57:36.686+0000 INFO [o.n.k.i.DiagnosticsManager] LOG_VERSION (Current log version): 0
2017-09-17 13:57:36.686+0000 INFO [o.n.k.i.DiagnosticsManager] LAST_TRANSACTION_ID (Last committed transaction): 1
2017-09-17 13:57:36.686+0000 INFO [o.n.k.i.DiagnosticsManager] STORE_VERSION (Store format version): 15813456178476550
2017-09-17 13:57:36.686+0000 INFO [o.n.k.i.DiagnosticsManager] FIRST_GRAPH_PROPERTY (First property record containing graph properties): -1
2017-09-17 13:57:36.686+0000 INFO [o.n.k.i.DiagnosticsManager] LAST_CONSTRAINT_TRANSACTION (Last committed transaction containing constraint changes): 0
2017-09-17 13:57:36.686+0000 INFO [o.n.k.i.DiagnosticsManager] UPGRADE_TRANSACTION_ID (Transaction id most recent upgrade was performed at): 1
2017-09-17 13:57:36.686+0000 INFO [o.n.k.i.DiagnosticsManager] UPGRADE_TIME (Time of last upgrade): 1505656655961
2017-09-17 13:57:36.686+0000 INFO [o.n.k.i.DiagnosticsManager] LAST_TRANSACTION_CHECKSUM (Checksum of last committed transaction): 0
2017-09-17 13:57:36.686+0000 INFO [o.n.k.i.DiagnosticsManager] UPGRADE_TRANSACTION_CHECKSUM (Checksum of transaction id the most recent upgrade was performed at): 0
2017-09-17 13:57:36.686+0000 INFO [o.n.k.i.DiagnosticsManager] LAST_CLOSED_TRANSACTION_LOG_VERSION (Log version where the last transaction commit entry has been written into): 0
2017-09-17 13:57:36.686+0000 INFO [o.n.k.i.DiagnosticsManager] LAST_CLOSED_TRANSACTION_LOG_BYTE_OFFSET (Byte offset in the log file where the last transaction commit entry has been written into): 16
2017-09-17 13:57:36.686+0000 INFO [o.n.k.i.DiagnosticsManager] LAST_TRANSACTION_COMMIT_TIMESTAMP (Commit time timestamp for last committed transaction): 0
2017-09-17 13:57:36.686+0000 INFO [o.n.k.i.DiagnosticsManager] UPGRADE_TRANSACTION_COMMIT_TIMESTAMP (Commit timestamp of transaction the most recent upgrade was performed at): 0
2017-09-17 13:57:36.686+0000 INFO [o.n.k.i.DiagnosticsManager] --- STARTED diagnostics for NEO_STORE_RECORDS END ---
2017-09-17 13:57:36.687+0000 INFO [o.n.k.i.DiagnosticsManager] --- STARTED diagnostics for TRANSACTION_RANGE START ---
2017-09-17 13:57:36.687+0000 INFO [o.n.k.i.DiagnosticsManager] Transaction log:
2017-09-17 13:57:36.688+0000 INFO [o.n.k.i.DiagnosticsManager] No transactions found in any log
2017-09-17 13:57:36.688+0000 INFO [o.n.k.i.DiagnosticsManager] --- STARTED diagnostics for TRANSACTION_RANGE END ---
2017-09-17 13:57:36.688+0000 INFO [o.n.k.i.DiagnosticsManager] --- STARTED diagnostics for KernelDiagnostics:StoreFiles START ---
2017-09-17 13:57:36.689+0000 INFO [o.n.k.i.DiagnosticsManager] Disk space on partition (Total / Free / Free %): 93432397824 / 87673323520 / 93
Storage files: (filename : modification date - size)
2017-09-17 13:57:36.690+0000 INFO [o.n.k.i.DiagnosticsManager]   index:
2017-09-17 13:57:36.690+0000 INFO [o.n.k.i.DiagnosticsManager]   - Total: 2017-09-17T15:57:36+0200 - 0,00 B
2017-09-17 13:57:36.690+0000 INFO [o.n.k.i.DiagnosticsManager]   logs:
2017-09-17 13:57:36.690+0000 INFO [o.n.k.i.DiagnosticsManager]     debug.log: 2017-09-17T15:57:36+0200 - 33,61 kB
2017-09-17 13:57:36.691+0000 INFO [o.n.k.i.DiagnosticsManager]   - Total: 2017-09-17T15:57:34+0200 - 33,61 kB
2017-09-17 13:57:36.691+0000 INFO [o.n.k.i.DiagnosticsManager]   neostore: 2017-09-17T15:57:35+0200 - 8,00 kB
2017-09-17 13:57:36.691+0000 INFO [o.n.k.i.DiagnosticsManager]   neostore.counts.db.a: 2017-09-17T15:57:36+0200 - 96,00 B
2017-09-17 13:57:36.691+0000 INFO [o.n.k.i.DiagnosticsManager]   neostore.id: 2017-09-17T15:57:35+0200 - 9,00 B
2017-09-17 13:57:36.691+0000 INFO [o.n.k.i.DiagnosticsManager]   neostore.labelscanstore.db: 2017-09-17T15:57:36+0200 - 40,00 kB
2017-09-17 13:57:36.692+0000 INFO [o.n.k.i.DiagnosticsManager]   neostore.labeltokenstore.db: 2017-09-17T15:57:35+0200 - 0,00 B
2017-09-17 13:57:36.692+0000 INFO [o.n.k.i.DiagnosticsManager]   neostore.labeltokenstore.db.id: 2017-09-17T15:57:35+0200 - 9,00 B
2017-09-17 13:57:36.692+0000 INFO [o.n.k.i.DiagnosticsManager]   neostore.labeltokenstore.db.names: 2017-09-17T15:57:35+0200 - 8,00 kB
2017-09-17 13:57:36.692+0000 INFO [o.n.k.i.DiagnosticsManager]   neostore.labeltokenstore.db.names.id: 2017-09-17T15:57:35+0200 - 9,00 B
2017-09-17 13:57:36.692+0000 INFO [o.n.k.i.DiagnosticsManager]   neostore.nodestore.db: 2017-09-17T15:57:35+0200 - 0,00 B
2017-09-17 13:57:36.693+0000 INFO [o.n.k.i.DiagnosticsManager]   neostore.nodestore.db.id: 2017-09-17T15:57:35+0200 - 9,00 B
2017-09-17 13:57:36.693+0000 INFO [o.n.k.i.DiagnosticsManager]   neostore.nodestore.db.labels: 2017-09-17T15:57:35+0200 - 8,00 kB
2017-09-17 13:57:36.693+0000 INFO [o.n.k.i.DiagnosticsManager]   neostore.nodestore.db.labels.id: 2017-09-17T15:57:35+0200 - 9,00 B
2017-09-17 13:57:36.693+0000 INFO [o.n.k.i.DiagnosticsManager]   neostore.propertystore.db: 2017-09-17T15:57:35+0200 - 0,00 B
2017-09-17 13:57:36.693+0000 INFO [o.n.k.i.DiagnosticsManager]   neostore.propertystore.db.arrays: 2017-09-17T15:57:35+0200 - 8,00 kB
2017-09-17 13:57:36.694+0000 INFO [o.n.k.i.DiagnosticsManager]   neostore.propertystore.db.arrays.id: 2017-09-17T15:57:35+0200 - 9,00 B
2017-09-17 13:57:36.694+0000 INFO [o.n.k.i.DiagnosticsManager]   neostore.propertystore.db.id: 2017-09-17T15:57:35+0200 - 9,00 B
2017-09-17 13:57:36.694+0000 INFO [o.n.k.i.DiagnosticsManager]   neostore.propertystore.db.index: 2017-09-17T15:57:35+0200 - 0,00 B
2017-09-17 13:57:36.694+0000 INFO [o.n.k.i.DiagnosticsManager]   neostore.propertystore.db.index.id: 2017-09-17T15:57:35+0200 - 9,00 B
2017-09-17 13:57:36.694+0000 INFO [o.n.k.i.DiagnosticsManager]   neostore.propertystore.db.index.keys: 2017-09-17T15:57:35+0200 - 8,00 kB
2017-09-17 13:57:36.695+0000 INFO [o.n.k.i.DiagnosticsManager]   neostore.propertystore.db.index.keys.id: 2017-09-17T15:57:35+0200 - 9,00 B
2017-09-17 13:57:36.695+0000 INFO [o.n.k.i.DiagnosticsManager]   neostore.propertystore.db.strings: 2017-09-17T15:57:35+0200 - 8,00 kB
2017-09-17 13:57:36.695+0000 INFO [o.n.k.i.DiagnosticsManager]   neostore.propertystore.db.strings.id: 2017-09-17T15:57:35+0200 - 9,00 B
2017-09-17 13:57:36.695+0000 INFO [o.n.k.i.DiagnosticsManager]   neostore.relationshipgroupstore.db: 2017-09-17T15:57:35+0200 - 8,00 kB
2017-09-17 13:57:36.695+0000 INFO [o.n.k.i.DiagnosticsManager]   neostore.relationshipgroupstore.db.id: 2017-09-17T15:57:35+0200 - 9,00 B
2017-09-17 13:57:36.695+0000 INFO [o.n.k.i.DiagnosticsManager]   neostore.relationshipstore.db: 2017-09-17T15:57:35+0200 - 0,00 B
2017-09-17 13:57:36.695+0000 INFO [o.n.k.i.DiagnosticsManager]   neostore.relationshipstore.db.id: 2017-09-17T15:57:35+0200 - 9,00 B
2017-09-17 13:57:36.695+0000 INFO [o.n.k.i.DiagnosticsManager]   neostore.relationshiptypestore.db: 2017-09-17T15:57:35+0200 - 0,00 B
2017-09-17 13:57:36.696+0000 INFO [o.n.k.i.DiagnosticsManager]   neostore.relationshiptypestore.db.id: 2017-09-17T15:57:35+0200 - 9,00 B
2017-09-17 13:57:36.696+0000 INFO [o.n.k.i.DiagnosticsManager]   neostore.relationshiptypestore.db.names: 2017-09-17T15:57:35+0200 - 8,00 kB
2017-09-17 13:57:36.696+0000 INFO [o.n.k.i.DiagnosticsManager]   neostore.relationshiptypestore.db.names.id: 2017-09-17T15:57:35+0200 - 9,00 B
2017-09-17 13:57:36.696+0000 INFO [o.n.k.i.DiagnosticsManager]   neostore.schemastore.db: 2017-09-17T15:57:35+0200 - 8,00 kB
2017-09-17 13:57:36.696+0000 INFO [o.n.k.i.DiagnosticsManager]   neostore.schemastore.db.id: 2017-09-17T15:57:35+0200 - 9,00 B
2017-09-17 13:57:36.696+0000 INFO [o.n.k.i.DiagnosticsManager]   neostore.transaction.db.0: 2017-09-17T15:57:36+0200 - 16,00 B
2017-09-17 13:57:36.696+0000 INFO [o.n.k.i.DiagnosticsManager]   store_lock: 2017-09-17T15:57:35+0200 - 0,00 B
2017-09-17 13:57:36.696+0000 INFO [o.n.k.i.DiagnosticsManager] --- STARTED diagnostics for KernelDiagnostics:StoreFiles END ---
2017-09-17 13:57:38.915+0000 INFO [o.n.k.i.f.GraphDatabaseFacadeFactory] Shutdown started
2017-09-17 13:57:38.915+0000 INFO [o.n.k.i.f.GraphDatabaseFacadeFactory] Database is now unavailable
2017-09-17 13:57:38.921+0000 INFO [o.n.k.i.t.l.c.CheckPointerImpl] Check Pointing triggered by database shutdown [15]:  Starting check pointing...
2017-09-17 13:57:38.921+0000 INFO [o.n.k.i.t.l.c.CheckPointerImpl] Check Pointing triggered by database shutdown [15]:  Starting store flush...
2017-09-17 13:57:38.938+0000 INFO [o.n.k.i.s.c.CountsTracker] About to rotate counts store at transaction 15 to [/home/ymerej/eclipse-workspace/napd20172018/target/societe-db/neostore.counts.db.b], from [/home/ymerej/eclipse-workspace/napd20172018/target/societe-db/neostore.counts.db.a].
2017-09-17 13:57:38.941+0000 INFO [o.n.k.i.s.c.CountsTracker] Successfully rotated counts store at transaction 15 to [/home/ymerej/eclipse-workspace/napd20172018/target/societe-db/neostore.counts.db.b], from [/home/ymerej/eclipse-workspace/napd20172018/target/societe-db/neostore.counts.db.a].
2017-09-17 13:57:38.960+0000 INFO [o.n.k.i.t.l.c.CheckPointerImpl] Check Pointing triggered by database shutdown [15]:  Store flush completed
2017-09-17 13:57:38.960+0000 INFO [o.n.k.i.t.l.c.CheckPointerImpl] Check Pointing triggered by database shutdown [15]:  Starting appending check point entry into the tx log...
2017-09-17 13:57:38.961+0000 INFO [o.n.k.i.t.l.c.CheckPointerImpl] Check Pointing triggered by database shutdown [15]:  Appending check point entry into the tx log completed
2017-09-17 13:57:38.961+0000 INFO [o.n.k.i.t.l.c.CheckPointerImpl] Check Pointing triggered by database shutdown [15]:  Check pointing completed
2017-09-17 13:57:38.962+0000 INFO [o.n.k.i.t.l.p.LogPruningImpl] Log Rotation [0]:  Starting log pruning.
2017-09-17 13:57:38.962+0000 INFO [o.n.k.i.t.l.p.LogPruningImpl] Log Rotation [0]:  Log pruning complete.
2017-09-17 13:57:38.979+0000 INFO [o.n.k.i.DiagnosticsManager] --- STOPPING diagnostics START ---
2017-09-17 13:57:38.980+0000 INFO [o.n.k.i.DiagnosticsManager] --- STOPPING diagnostics END ---
